<?xml version="1.0" encoding="UTF-8"?>
<!-- Generated by org.testng.reporters.JUnitReportReporter -->
<testsuite hostname="LAPTOP-RNQVHAIA" name="ecom.Equifax.HomePage" tests="3" failures="0" timestamp="21 Apr 2021 19:27:39 GMT" time="14.451" errors="0">
  <testcase name="addToCart" time="1.448" classname="ecom.Equifax.HomePage"/>
  <testcase name="proceedToCheckout" time="0.993" classname="ecom.Equifax.HomePage"/>
  <testcase name="basePageNavigation" time="12.010" classname="ecom.Equifax.HomePage"/>
</testsuite> <!-- ecom.Equifax.HomePage -->
